[debug] [2021-03-16T21:04:42.883Z] ----------------------------------------------------------------------
[debug] [2021-03-16T21:04:42.886Z] Command:       C:\Program Files\nodejs\node.exe C:\Users\Bruno\AppData\Roaming\npm\node_modules\firebase-tools\lib\bin\firebase.js init
[debug] [2021-03-16T21:04:42.887Z] CLI Version:   9.5.0
[debug] [2021-03-16T21:04:42.887Z] Platform:      win32
[debug] [2021-03-16T21:04:42.887Z] Node Version:  v12.16.3
[debug] [2021-03-16T21:04:42.888Z] Time:          Tue Mar 16 2021 21:04:42 GMT+0000 (Greenwich Mean Time)
[debug] [2021-03-16T21:04:42.888Z] ----------------------------------------------------------------------
[debug] [2021-03-16T21:04:42.889Z] 
[debug] [2021-03-16T21:04:42.897Z] > command requires scopes: ["email","openid","https://www.googleapis.com/auth/cloudplatformprojects.readonly","https://www.googleapis.com/auth/firebase","https://www.googleapis.com/auth/cloud-platform"]
[debug] [2021-03-16T21:04:42.897Z] > authorizing via signed-in user
[info] 
     ######## #### ########  ######## ########     ###     ######  ########
     ##        ##  ##     ## ##       ##     ##  ##   ##  ##       ##
     ######    ##  ########  ######   ########  #########  ######  ######
     ##        ##  ##    ##  ##       ##     ## ##     ##       ## ##
     ##       #### ##     ## ######## ########  ##     ##  ######  ########

You're about to initialize a Firebase project in this directory:

  C:\Dev\ionic-party-app-master\ionic-party-app-master\PartyApp

Before we get started, keep in mind:

  * You are currently outside your home directory
  * You are initializing in an existing Firebase project directory

